<?xml version="1.0" encoding="UTF-8"?>
<!-- Generated by org.testng.reporters.JUnitXMLReporter -->
<testsuite hostname="Anushk" ignored="0" name="Surefire test" tests="6" failures="0" timestamp="14 Apr 2020 16:12:46 GMT" time="27.454" errors="0">
  <testcase name="bankManagerShouldAddCustomerSuccessfully" time="3.957" classname="com.bank.testsuit.BankTest"/>
  <testcase name="bankManagerShouldOpenAccountSuccessfully" time="1.301" classname="com.bank.testsuit.BankTest"/>
  <testcase name="customerShouldLoginAndLogoutSuccessfully" time="1.203" classname="com.bank.testsuit.BankTest"/>
  <testcase name="customerShouldDepositMoneySuccessfully" time="1.296" classname="com.bank.testsuit.BankTest"/>
  <testcase name="customerShouldWithdrawMoneySuccessfully" time="1.103" classname="com.bank.testsuit.BankTest"/>
  <testcase name="bankManagerShouldDeleteCustomerSuccessfully" time="0.912" classname="com.bank.testsuit.BankTest"/>
</testsuite> <!-- Surefire test -->
