<?xml version="1.0" encoding="UTF-8"?>
<testsuite name="Bank Test"
           tests="6"
           failures="0"
           errors="0"
           skipped="0"
           time="251.104">
  <properties />
  
  
            <testcase name="customerShouldWithdrawMoneySuccessfully" time="61.875" classname="com.bank.testsuit.BankTest" />
                <testcase name="bankManagerShouldAddCustomerSuccessfully" time="2.540" classname="com.bank.testsuit.BankTest" />
                <testcase name="bankManagerShouldOpenAccountSuccessfully" time="31.844" classname="com.bank.testsuit.BankTest" />
                <testcase name="customerShouldLoginAndLogoutSuccessfully" time="31.372" classname="com.bank.testsuit.BankTest" />
                <testcase name="customerShouldDepositMoneySuccessfully" time="62.288" classname="com.bank.testsuit.BankTest" />
                <testcase name="bankManagerShouldDeleteCustomerSuccessfully" time="61.185" classname="com.bank.testsuit.BankTest" />
      
</testsuite>
